#-----------------------------------------------------------
# Vivado v2024.2 (64-bit)
# SW Build 5239630 on Fri Nov 08 22:35:27 MST 2024
# IP Build 5239520 on Sun Nov 10 16:12:51 MST 2024
# SharedData Build 5239561 on Fri Nov 08 14:39:27 MST 2024
# Start of session at: Wed Jan 22 16:10:08 2025
# Process ID         : 24980
# Current directory  : C:/Users/C27Sabrina.Mcgarvey/Saved Games/ece281-ice2
# Command line       : vivado.exe -gui_launcher_event rodinguilauncherevent14796 C:\Users\C27Sabrina.Mcgarvey\Saved Games\ece281-ice2\halfAdder.xpr
# Log file           : C:/Users/C27Sabrina.Mcgarvey/Saved Games/ece281-ice2/vivado.log
# Journal file       : C:/Users/C27Sabrina.Mcgarvey/Saved Games/ece281-ice2\vivado.jou
# Running On         : C27-5CG31328ZH
# Platform           : Windows Server 2016 or Windows 10
# Operating System   : 22631
# Processor Detail   : AMD Ryzen 7 PRO 6850U with Radeon Graphics     
# CPU Frequency      : 2695 MHz
# CPU Physical cores : 8
# CPU Logical cores  : 16
# Host memory        : 16442 MB
# Swap memory        : 15569 MB
# Total Virtual      : 32011 MB
# Available Virtual  : 14126 MB
#-----------------------------------------------------------
start_gui
open_project {C:/Users/C27Sabrina.Mcgarvey/Saved Games/ece281-ice2/halfAdder.xpr}
INFO: [filemgmt 56-3] Default IP Output Path : Could not find the directory 'C:/Users/C27Sabrina.Mcgarvey/Saved Games/ece281-ice2/halfAdder.gen/sources_1'.
Scanning sources...
Finished scanning sources
INFO: [IP_Flow 19-234] Refreshing IP repositories
INFO: [IP_Flow 19-1704] No user IP repositories specified
INFO: [IP_Flow 19-2313] Loaded Vivado IP repository 'C:/Xilinx/Vivado/2024.2/data/ip'.
update_compile_order -fileset sources_1
reset_run impl_1 -prev_step 
launch_runs impl_1 -to_step write_bitstream -jobs 8
[Wed Jan 22 16:11:36 2025] Launched impl_1...
Run output will be captured here: C:/Users/C27Sabrina.Mcgarvey/Saved Games/ece281-ice2/halfAdder.runs/impl_1/runme.log
exit
INFO: [Common 17-206] Exiting Vivado at Wed Jan 22 19:59:47 2025...
